This is pdfTeXk, Version 3.141592-1.40.3 (Web2C 7.5.6) (format=latex 2007.10.23)  25 OCT 2007 15:23
entering extended mode
 %&-line parsing enabled.
**&latex prv_termstrc.ini \nonstopmode\nofiles\PassOptionsToPackage{active,tigh
tpage,auctex}{preview}\AtBeginDocument{\ifx\ifPreview\undefined\RequirePackage[
displaymath,floats,graphics,textmath,sections,footnotes]{preview}[2004/11/05]\f
i}\input{termstrc.tex}
(./prv_termstrc.ini
LaTeX2e <2005/12/01>
Babel <v3.8h> and hyphenation patterns for english, usenglishmax, dumylang, noh
yphenation, croatian, bulgarian, russian, ukrainian, czech, slovak, danish, dut
ch, finnish, finnish, french, basque, french, german, ngerman, german, ngerman,
 greek, monogreek, ancientgreek, ibycus, hungarian, hungarian, italian, italian
, latin, latin, mongolian, mongolian, norsk, norsk, coptic, esperanto, estonian
, icelandic, indonesian, interlingua, romanian, serbian, slovenian, turkish, up
persorbian, welsh, polish, polish, portuguese, portuguese, spanish, catalan, ga
lician, spanish, catalan, galician, swedish, swedish, ukenglish, ukenglish, loa
ded.
(/usr/share/texmf-texlive/tex/latex/carlisle/mylatex.ltx)
(/usr/share/texmf-texlive/tex/latex/tools/.tex File ignored))
No auxiliary output files.

(./termstrc.tex (./z.cls

LaTeX Warning: You have requested document class `z',
               but the document class provides `Z'.

Document Class: Z 2004/10/08 1.0 Z class by Achim Zeileis
(/usr/share/texmf-texlive/tex/latex/base/article.cls
Document Class: article 2005/09/16 v1.4f Standard LaTeX document class
(/usr/share/texmf-texlive/tex/latex/base/size10.clo
File: size10.clo 2005/09/16 v1.4f Standard LaTeX file (size option)
)
\c@part=\count79
\c@section=\count80
\c@subsection=\count81
\c@subsubsection=\count82
\c@paragraph=\count83
\c@subparagraph=\count84
\c@figure=\count85
\c@table=\count86
\abovecaptionskip=\skip41
\belowcaptionskip=\skip42
\bibindent=\dimen102
)
(/usr/share/texmf-texlive/tex/latex/graphics/graphicx.sty
Package: graphicx 1999/02/16 v1.0f Enhanced LaTeX Graphics (DPC,SPQR)

(/usr/share/texmf-texlive/tex/latex/graphics/keyval.sty
Package: keyval 1999/03/16 v1.13 key=value parser (DPC)
\KV@toks@=\toks14
)
(/usr/share/texmf-texlive/tex/latex/graphics/graphics.sty
Package: graphics 2006/02/20 v1.0o Standard LaTeX Graphics (DPC,SPQR)

(/usr/share/texmf-texlive/tex/latex/graphics/trig.sty
Package: trig 1999/03/16 v1.09 sin cos tan (DPC)
)
(/etc/texmf/tex/latex/config/graphics.cfg
File: graphics.cfg 2007/01/18 v1.5 graphics configuration of teTeX/TeXLive
)
Package graphics Info: Driver file: dvips.def on input line 90.

(/usr/share/texmf-texlive/tex/latex/graphics/dvips.def
File: dvips.def 1999/02/16 v3.0i Driver-dependant file (DPC,SPQR)
))
\Gin@req@height=\dimen103
\Gin@req@width=\dimen104
)
(/usr/share/texmf-texlive/tex/latex/ltxmisc/a4wide.sty
Package: a4wide 1994/08/30

(/usr/share/texmf-texlive/tex/latex/ntgclass/a4.sty
Package: a4 2004/04/15 v1.2g A4 based page layout
))
(/usr/share/texmf-texlive/tex/latex/graphics/color.sty
Package: color 2005/11/14 v1.0j Standard LaTeX Color (DPC)

(/etc/texmf/tex/latex/config/color.cfg
File: color.cfg 2007/01/18 v1.5 color configuration of teTeX/TeXLive
)
Package color Info: Driver file: dvips.def on input line 130.

(/usr/share/texmf-texlive/tex/latex/graphics/dvipsnam.def
File: dvipsnam.def 1999/02/16 v3.0i Driver-dependant file (DPC,SPQR)
))
(/usr/share/texmf-texlive/tex/latex/hyperref/hyperref.sty
Package: hyperref 2007/02/07 v6.75r Hypertext links for LaTeX
\@linkdim=\dimen105
\Hy@linkcounter=\count87
\Hy@pagecounter=\count88

(/usr/share/texmf-texlive/tex/latex/hyperref/pd1enc.def
File: pd1enc.def 2007/02/07 v6.75r Hyperref: PDFDocEncoding definition (HO)
)
(/etc/texmf/tex/latex/config/hyperref.cfg
File: hyperref.cfg 2002/06/06 v1.2 hyperref configuration of TeXLive
)
(/usr/share/texmf-texlive/tex/latex/oberdiek/kvoptions.sty
Package: kvoptions 2006/08/22 v2.4 Connects package keyval with LaTeX options (
HO)
)
Package hyperref Info: Hyper figures OFF on input line 2288.
Package hyperref Info: Link nesting OFF on input line 2293.
Package hyperref Info: Hyper index ON on input line 2296.
Package hyperref Info: Plain pages OFF on input line 2303.
Package hyperref Info: Backreferencing OFF on input line 2308.

Implicit mode ON; LaTeX internals redefined
Package hyperref Info: Bookmarks ON on input line 2444.
(/usr/share/texmf-texlive/tex/latex/ltxmisc/url.sty
\Urlmuskip=\muskip10
Package: url 2005/06/27  ver 3.2  Verb mode for urls, etc.
)
LaTeX Info: Redefining \url on input line 2599.
\Fld@menulength=\count89
\Field@Width=\dimen106
\Fld@charsize=\dimen107
\Choice@toks=\toks15
\Field@toks=\toks16
Package hyperref Info: Hyper figures OFF on input line 3102.
Package hyperref Info: Link nesting OFF on input line 3107.
Package hyperref Info: Hyper index ON on input line 3110.
Package hyperref Info: backreferencing OFF on input line 3117.
Package hyperref Info: Link coloring OFF on input line 3122.
\Hy@abspage=\count90
\c@Item=\count91
\c@Hfootnote=\count92
)
*hyperref using default driver hdvips*
(/usr/share/texmf-texlive/tex/latex/hyperref/hdvips.def
File: hdvips.def 2007/02/07 v6.75r Hyperref driver for dvips

(/usr/share/texmf-texlive/tex/latex/hyperref/pdfmark.def
File: pdfmark.def 2007/02/07 v6.75r Hyperref definitions for pdfmark specials
\pdf@docset=\toks17
\pdf@box=\box26
\pdf@toks=\toks18
\pdf@defaulttoks=\toks19
\Fld@listcount=\count93
))
(/usr/share/texmf-texlive/tex/latex/ae/ae.sty
Package: ae 2001/02/12 1.3 Almost European Computer Modern

(/usr/share/texmf-texlive/tex/latex/base/fontenc.sty
Package: fontenc 2005/09/27 v1.99g Standard LaTeX package

(/usr/share/texmf-texlive/tex/latex/base/t1enc.def
File: t1enc.def 2005/09/27 v1.99g Standard LaTeX file
LaTeX Font Info:    Redeclaring font encoding T1 on input line 43.
)
LaTeX Font Info:    Try loading font information for T1+aer on input line 100.

(/usr/share/texmf-texlive/tex/latex/ae/t1aer.fd
File: t1aer.fd 1997/11/16 Font definitions for T1/aer.
)))
(/usr/share/texmf-texlive/tex/latex/fancyvrb/fancyvrb.sty
Package: fancyvrb 1998/07/17

Style option: `fancyvrb' v2.6, with DG/SPQR fixes <1998/07/17> (tvz)
\FV@CodeLineNo=\count94

! Illegal parameter number in definition of \MYLATEXline.
<to be read again> 
                   1
l.382   \gdef\FV@BeginScanning#1^^M
                                   {%
You meant to type ## instead of #, right?
Or maybe a } was forgotten somewhere earlier, and things
are all screwed up? I'm going to assume that you meant ##.

! Illegal parameter number in definition of \MYLATEXline.
<to be read again> 
                   1
l.385 \endgroup
               
You meant to type ## instead of #, right?
Or maybe a } was forgotten somewhere earlier, and things
are all screwed up? I'm going to assume that you meant ##.

! Illegal parameter number in definition of \MYLATEXline.
<to be read again> 
                   1
l.391 ...be discarded. Hit <return> to continue.}}
                                                  
You meant to type ## instead of #, right?
Or maybe a } was forgotten somewhere earlier, and things
are all screwed up? I'm going to assume that you meant ##.

! Illegal parameter number in definition of \MYLATEXline.
<to be read again> 
                   1
l.398 \gdef\FancyVerbGetLine#1^^M
                                 {%
You meant to type ## instead of #, right?
Or maybe a } was forgotten somewhere earlier, and things
are all screwed up? I'm going to assume that you meant ##.

! Illegal parameter number in definition of \MYLATEXline.
<to be read again> 
                   1
l.409 \endgroup
               
You meant to type ## instead of #, right?
Or maybe a } was forgotten somewhere earlier, and things
are all screwed up? I'm going to assume that you meant ##.

! Illegal parameter number in definition of \MYLATEXline.
<to be read again> 
                   1
l.409 \endgroup
               
You meant to type ## instead of #, right?
Or maybe a } was forgotten somewhere earlier, and things
are all screwed up? I'm going to assume that you meant ##.

! Illegal parameter number in definition of \MYLATEXline.
<to be read again> 
                   1
l.421 ...n#1{\@ifnextchar\@nil{\@gobble}{\FV@EOF}}
                                                  
You meant to type ## instead of #, right?
Or maybe a } was forgotten somewhere earlier, and things
are all screwed up? I'm going to assume that you meant ##.

! Illegal parameter number in definition of \MYLATEXline.
<to be read again> 
                   1
l.422 ...@nil#1\@empty\else\expandafter\FV@EOF\fi}
                                                  
You meant to type ## instead of #, right?
Or maybe a } was forgotten somewhere earlier, and things
are all screwed up? I'm going to assume that you meant ##.

! Illegal parameter number in definition of \MYLATEXline.
<to be read again> 
                   1
l.422 ...@nil#1\@empty\else\expandafter\FV@EOF\fi}
                                                  
You meant to type ## instead of #, right?
Or maybe a } was forgotten somewhere earlier, and things
are all screwed up? I'm going to assume that you meant ##.

! Illegal parameter number in definition of \MYLATEXline.
<to be read again> 
                   1
l.441   \fi}
            
You meant to type ## instead of #, right?
Or maybe a } was forgotten somewhere earlier, and things
are all screwed up? I'm going to assume that you meant ##.

! Illegal parameter number in definition of \MYLATEXline.
<to be read again> 
                   1
l.441   \fi}
            
You meant to type ## instead of #, right?
Or maybe a } was forgotten somewhere earlier, and things
are all screwed up? I'm going to assume that you meant ##.

! Illegal parameter number in definition of \MYLATEXline.
<to be read again> 
                   1
l.441   \fi}
            
You meant to type ## instead of #, right?
Or maybe a } was forgotten somewhere earlier, and things
are all screwed up? I'm going to assume that you meant ##.

! Illegal parameter number in definition of \MYLATEXline.
<to be read again> 
                   1
l.461 \gdef\FV@@ReadLine#1^^M
                             #2^^M#3\@nil{%
You meant to type ## instead of #, right?
Or maybe a } was forgotten somewhere earlier, and things
are all screwed up? I'm going to assume that you meant ##.

! Illegal parameter number in definition of \MYLATEXline.
<to be read again> 
                   2
l.461 \gdef\FV@@ReadLine#1^^M#2^^M
                                  #3\@nil{%
You meant to type ## instead of #, right?
Or maybe a } was forgotten somewhere earlier, and things
are all screwed up? I'm going to assume that you meant ##.

! Illegal parameter number in definition of \MYLATEXline.
<to be read again> 
                   3
l.465 \endgroup
               
You meant to type ## instead of #, right?
Or maybe a } was forgotten somewhere earlier, and things
are all screwed up? I'm going to assume that you meant ##.

! Illegal parameter number in definition of \MYLATEXline.
<to be read again> 
                   1
l.465 \endgroup
               
You meant to type ## instead of #, right?
Or maybe a } was forgotten somewhere earlier, and things
are all screwed up? I'm going to assume that you meant ##.

! Illegal parameter number in definition of \MYLATEXline.
<to be read again> 
                   2
l.465 \endgroup
               
You meant to type ## instead of #, right?
Or maybe a } was forgotten somewhere earlier, and things
are all screwed up? I'm going to assume that you meant ##.

! Illegal parameter number in definition of \MYLATEXline.
<to be read again> 
                   1
l.499   \fi}
            
You meant to type ## instead of #, right?
Or maybe a } was forgotten somewhere earlier, and things
are all screwed up? I'm going to assume that you meant ##.

! Illegal parameter number in definition of \MYLATEXline.
<to be read again> 
                   1
l.499   \fi}
            
You meant to type ## instead of #, right?
Or maybe a } was forgotten somewhere earlier, and things
are all screwed up? I'm going to assume that you meant ##.

! Illegal parameter number in definition of \MYLATEXline.
<to be read again> 
                   1
l.507   \fi}
            
You meant to type ## instead of #, right?
Or maybe a } was forgotten somewhere earlier, and things
are all screwed up? I'm going to assume that you meant ##.

! Illegal parameter number in definition of \MYLATEXline.
<to be read again> 
                   1
l.507   \fi}
            
You meant to type ## instead of #, right?
Or maybe a } was forgotten somewhere earlier, and things
are all screwed up? I'm going to assume that you meant ##.

! Illegal parameter number in definition of \MYLATEXline.
<to be read again> 
                   1
l.512     {\csname FV@fontfamily@#1\endcsname}}
                                               
You meant to type ## instead of #, right?
Or maybe a } was forgotten somewhere earlier, and things
are all screwed up? I'm going to assume that you meant ##.

! Illegal parameter number in definition of \MYLATEXline.
<to be read again> 
                   1
l.512     {\csname FV@fontfamily@#1\endcsname}}
                                               
You meant to type ## instead of #, right?
Or maybe a } was forgotten somewhere earlier, and things
are all screwed up? I'm going to assume that you meant ##.

! Illegal parameter number in definition of \MYLATEXline.
<to be read again> 
                   1
l.512     {\csname FV@fontfamily@#1\endcsname}}
                                               
You meant to type ## instead of #, right?
Or maybe a } was forgotten somewhere earlier, and things
are all screwed up? I'm going to assume that you meant ##.

! Illegal parameter number in definition of \MYLATEXline.
<to be read again> 
                   1
l.519   \fi}
            
You meant to type ## instead of #, right?
Or maybe a } was forgotten somewhere earlier, and things
are all screwed up? I'm going to assume that you meant ##.

! Illegal parameter number in definition of \MYLATEXline.
<to be read again> 
                   1
l.519   \fi}
            
You meant to type ## instead of #, right?
Or maybe a } was forgotten somewhere earlier, and things
are all screwed up? I'm going to assume that you meant ##.

! Illegal parameter number in definition of \MYLATEXline.
<to be read again> 
                   1
l.526   \fi}
            
You meant to type ## instead of #, right?
Or maybe a } was forgotten somewhere earlier, and things
are all screwed up? I'm going to assume that you meant ##.

! Illegal parameter number in definition of \MYLATEXline.
<to be read again> 
                   1
l.526   \fi}
            
You meant to type ## instead of #, right?
Or maybe a } was forgotten somewhere earlier, and things
are all screwed up? I'm going to assume that you meant ##.

! Illegal parameter number in definition of \MYLATEXline.
<to be read again> 
                   1
l.531 ...x\expandafter\next\expandafter~\endgroup}
                                                  
You meant to type ## instead of #, right?
Or maybe a } was forgotten somewhere earlier, and things
are all screwed up? I'm going to assume that you meant ##.

! Illegal parameter number in definition of \MYLATEXline.
<to be read again> 
                   1
l.531 ...x\expandafter\next\expandafter~\endgroup}
                                                  
You meant to type ## instead of #, right?
Or maybe a } was forgotten somewhere earlier, and things
are all screwed up? I'm going to assume that you meant ##.

! Illegal parameter number in definition of \MYLATEXline.
<to be read again> 
                   1
l.531 ...x\expandafter\next\expandafter~\endgroup}
                                                  
You meant to type ## instead of #, right?
Or maybe a } was forgotten somewhere earlier, and things
are all screwed up? I'm going to assume that you meant ##.

! Illegal parameter number in definition of \MYLATEXline.
<to be read again> 
                   1
l.567 ...}[]{\def\FancyVerbDefineActive{#1\relax}}
                                                  
You meant to type ## instead of #, right?
Or maybe a } was forgotten somewhere earlier, and things
are all screwed up? I'm going to assume that you meant ##.

! Illegal parameter number in definition of \MYLATEXline.
<to be read again> 
                   1
l.570     \FancyVerbDefineActive#1\relax}}
                                          
You meant to type ## instead of #, right?
Or maybe a } was forgotten somewhere earlier, and things
are all screwed up? I'm going to assume that you meant ##.

! Illegal parameter number in definition of \MYLATEXline.
<to be read again> 
                   1
l.584   \fi}
            
You meant to type ## instead of #, right?
Or maybe a } was forgotten somewhere earlier, and things
are all screwed up? I'm going to assume that you meant ##.

! Illegal parameter number in definition of \MYLATEXline.
<to be read again> 
                   1
l.604 ...setbox\FV@TabBox=\hbox{#1}\box\FV@TabBox}
                                                  
You meant to type ## instead of #, right?
Or maybe a } was forgotten somewhere earlier, and things
are all screwed up? I'm going to assume that you meant ##.

! Illegal parameter number in definition of \MYLATEXline.
<to be read again> 
                   1
l.604 ...setbox\FV@TabBox=\hbox{#1}\box\FV@TabBox}
                                                  
You meant to type ## instead of #, right?
Or maybe a } was forgotten somewhere earlier, and things
are all screwed up? I'm going to assume that you meant ##.

! Illegal parameter number in definition of \MYLATEXline.
<to be read again> 
                   1
l.620 ...com}[]{\def\FancyVerbFormatCom{#1\relax}}
                                                  
You meant to type ## instead of #, right?
Or maybe a } was forgotten somewhere earlier, and things
are all screwed up? I'm going to assume that you meant ##.

! Illegal parameter number in definition of \MYLATEXline.
<to be read again> 
                   1
l.623     \FancyVerbFormatCom#1\relax}}
                                       
You meant to type ## instead of #, right?
Or maybe a } was forgotten somewhere earlier, and things
are all screwed up? I'm going to assume that you meant ##.

! Illegal parameter number in definition of \MYLATEXline.
<to be read again> 
                   1
l.625 \def\FancyVerbFormatLine#1{\FV@ObeyTabs{#1}}
                                                  
You meant to type ## instead of #, right?
Or maybe a } was forgotten somewhere earlier, and things
are all screwed up? I'm going to assume that you meant ##.

! Illegal parameter number in definition of \MYLATEXline.
<to be read again> 
                   1
l.625 \def\FancyVerbFormatLine#1{\FV@ObeyTabs{#1}}
                                                  
You meant to type ## instead of #, right?
Or maybe a } was forgotten somewhere earlier, and things
are all screwed up? I'm going to assume that you meant ##.

! Illegal parameter number in definition of \MYLATEXline.
<to be read again> 
                   1
l.626 ...FV}{xleftmargin}{\def\FV@XLeftMargin{#1}}
                                                  
You meant to type ## instead of #, right?
Or maybe a } was forgotten somewhere earlier, and things
are all screwed up? I'm going to assume that you meant ##.

! Illegal parameter number in definition of \MYLATEXline.
<to be read again> 
                   1
l.628 ...}{xrightmargin}{\def\FV@XRightMargin{#1}}
                                                  
You meant to type ## instead of #, right?
Or maybe a } was forgotten somewhere earlier, and things
are all screwed up? I'm going to assume that you meant ##.

! Illegal parameter number in definition of \MYLATEXline.
<to be read again> 
                   1
l.634 ...arameters}{\def\FV@ListParameterHook{#1}}
                                                  
You meant to type ## instead of #, right?
Or maybe a } was forgotten somewhere earlier, and things
are all screwed up? I'm going to assume that you meant ##.

! Illegal parameter number in definition of \MYLATEXline.
<to be read again> 
                   1
l.638 ...def\FancyVerbHFuzz{\number\@tempdima sp}}
                                                  
You meant to type ## instead of #, right?
Or maybe a } was forgotten somewhere earlier, and things
are all screwed up? I'm going to assume that you meant ##.

! Illegal parameter number in definition of \MYLATEXline.
<to be read again> 
                   1
l.658   \FV@BeginListFrame}
                           
You meant to type ## instead of #, right?
Or maybe a } was forgotten somewhere earlier, and things
are all screwed up? I'm going to assume that you meant ##.

! Illegal parameter number in definition of \MYLATEXline.
<to be read again> 
                   1
l.658   \FV@BeginListFrame}
                           
You meant to type ## instead of #, right?
Or maybe a } was forgotten somewhere earlier, and things
are all screwed up? I'm going to assume that you meant ##.

! Illegal parameter number in definition of \MYLATEXline.
<to be read again> 
                   1
l.681   \fi}
            
You meant to type ## instead of #, right?
Or maybe a } was forgotten somewhere earlier, and things
are all screwed up? I'm going to assume that you meant ##.

! Illegal parameter number in definition of \MYLATEXline.
<to be read again> 
                   1
l.681   \fi}
            
You meant to type ## instead of #, right?
Or maybe a } was forgotten somewhere earlier, and things
are all screwed up? I'm going to assume that you meant ##.

! Illegal parameter number in definition of \MYLATEXline.
<to be read again> 
                   1
l.724     \hss}}
                
You meant to type ## instead of #, right?
Or maybe a } was forgotten somewhere earlier, and things
are all screwed up? I'm going to assume that you meant ##.

! Illegal parameter number in definition of \MYLATEXline.
<to be read again> 
                   1
l.724     \hss}}
                
You meant to type ## instead of #, right?
Or maybe a } was forgotten somewhere earlier, and things
are all screwed up? I'm going to assume that you meant ##.

! Illegal parameter number in definition of \MYLATEXline.
<to be read again> 
                   1
l.731   \let\FV@ProcessLine\FV@ListProcessLine@ii}
                                                  
You meant to type ## instead of #, right?
Or maybe a } was forgotten somewhere earlier, and things
are all screwed up? I'm going to assume that you meant ##.

! Illegal parameter number in definition of \MYLATEXline.
<to be read again> 
                   1
l.731   \let\FV@ProcessLine\FV@ListProcessLine@ii}
                                                  
You meant to type ## instead of #, right?
Or maybe a } was forgotten somewhere earlier, and things
are all screwed up? I'm going to assume that you meant ##.

! Illegal parameter number in definition of \MYLATEXline.
<to be read again> 
                   1
l.734 ...et\FV@ProcessLine\FV@ListProcessLine@iii}
                                                  
You meant to type ## instead of #, right?
Or maybe a } was forgotten somewhere earlier, and things
are all screwed up? I'm going to assume that you meant ##.

! Illegal parameter number in definition of \MYLATEXline.
<to be read again> 
                   1
l.734 ...et\FV@ProcessLine\FV@ListProcessLine@iii}
                                                  
You meant to type ## instead of #, right?
Or maybe a } was forgotten somewhere earlier, and things
are all screwed up? I'm going to assume that you meant ##.

! Illegal parameter number in definition of \MYLATEXline.
<to be read again> 
                   1
l.739   \let\FV@ProcessLine\FV@ListProcessLine@iv}
                                                  
You meant to type ## instead of #, right?
Or maybe a } was forgotten somewhere earlier, and things
are all screwed up? I'm going to assume that you meant ##.

! Illegal parameter number in definition of \MYLATEXline.
<to be read again> 
                   1
l.739   \let\FV@ProcessLine\FV@ListProcessLine@iv}
                                                  
You meant to type ## instead of #, right?
Or maybe a } was forgotten somewhere earlier, and things
are all screwed up? I'm going to assume that you meant ##.

! Illegal parameter number in definition of \MYLATEXline.
<to be read again> 
                   1
l.749   \@endpetrue}
                    
You meant to type ## instead of #, right?
Or maybe a } was forgotten somewhere earlier, and things
are all screwed up? I'm going to assume that you meant ##.

! Illegal parameter number in definition of \MYLATEXline.
<to be read again> 
                   1
l.749   \@endpetrue}
                    
You meant to type ## instead of #, right?
Or maybe a } was forgotten somewhere earlier, and things
are all screwed up? I'm going to assume that you meant ##.

! Illegal parameter number in definition of \MYLATEXline.
<to be read again> 
                   1
l.774 ...doendpe\global\@ignorefalse\ignorespaces}
                                                  
You meant to type ## instead of #, right?
Or maybe a } was forgotten somewhere earlier, and things
are all screwed up? I'm going to assume that you meant ##.

! Illegal parameter number in definition of \MYLATEXline.
<to be read again> 
                   1
l.774 ...doendpe\global\@ignorefalse\ignorespaces}
                                                  
You meant to type ## instead of #, right?
Or maybe a } was forgotten somewhere earlier, and things
are all screwed up? I'm going to assume that you meant ##.

! Illegal parameter number in definition of \MYLATEXline.
<to be read again> 
                   1
l.776 ...imInput#1{\FV@UseVerbatim{\FV@Input{#1}}}
                                                  
You meant to type ## instead of #, right?
Or maybe a } was forgotten somewhere earlier, and things
are all screwed up? I'm going to assume that you meant ##.

! Illegal parameter number in definition of \MYLATEXline.
<to be read again> 
                   1
l.776 ...imInput#1{\FV@UseVerbatim{\FV@Input{#1}}}
                                                  
You meant to type ## instead of #, right?
Or maybe a } was forgotten somewhere earlier, and things
are all screwed up? I'm going to assume that you meant ##.

! Illegal parameter number in definition of \MYLATEXline.
<to be read again> 
                   1
l.784 ...doendpe\global\@ignorefalse\ignorespaces}
                                                  
You meant to type ## instead of #, right?
Or maybe a } was forgotten somewhere earlier, and things
are all screwed up? I'm going to assume that you meant ##.

! Illegal parameter number in definition of \MYLATEXline.
<to be read again> 
                   1
l.784 ...doendpe\global\@ignorefalse\ignorespaces}
                                                  
You meant to type ## instead of #, right?
Or maybe a } was forgotten somewhere earlier, and things
are all screwed up? I'm going to assume that you meant ##.

! Illegal parameter number in definition of \MYLATEXline.
<to be read again> 
                   1
l.786 ...mInput#1{\FV@LUseVerbatim{\FV@Input{#1}}}
                                                  
You meant to type ## instead of #, right?
Or maybe a } was forgotten somewhere earlier, and things
are all screwed up? I'm going to assume that you meant ##.

! Illegal parameter number in definition of \MYLATEXline.
<to be read again> 
                   1
l.786 ...mInput#1{\FV@LUseVerbatim{\FV@Input{#1}}}
                                                  
You meant to type ## instead of #, right?
Or maybe a } was forgotten somewhere earlier, and things
are all screwed up? I'm going to assume that you meant ##.

! Illegal parameter number in definition of \MYLATEXline.
<to be read again> 
                   1
l.855   \fi}
            
You meant to type ## instead of #, right?
Or maybe a } was forgotten somewhere earlier, and things
are all screwed up? I'm going to assume that you meant ##.

! Illegal parameter number in definition of \MYLATEXline.
<to be read again> 
                   1
l.855   \fi}
            
You meant to type ## instead of #, right?
Or maybe a } was forgotten somewhere earlier, and things
are all screwed up? I'm going to assume that you meant ##.

! Illegal parameter number in definition of \MYLATEXline.
<to be read again> 
                   1
l.865   \def\FV@LabelEnd{#2}}
                             
You meant to type ## instead of #, right?
Or maybe a } was forgotten somewhere earlier, and things
are all screwed up? I'm going to assume that you meant ##.

! Illegal parameter number in definition of \MYLATEXline.
<to be read again> 
                   2
l.865   \def\FV@LabelEnd{#2}}
                             
You meant to type ## instead of #, right?
Or maybe a } was forgotten somewhere earlier, and things
are all screwed up? I'm going to assume that you meant ##.

! Illegal parameter number in definition of \MYLATEXline.
<to be read again> 
                   1
l.865   \def\FV@LabelEnd{#2}}
                             
You meant to type ## instead of #, right?
Or maybe a } was forgotten somewhere earlier, and things
are all screwed up? I'm going to assume that you meant ##.

! Illegal parameter number in definition of \MYLATEXline.
<to be read again> 
                   2
l.865   \def\FV@LabelEnd{#2}}
                             
You meant to type ## instead of #, right?
Or maybe a } was forgotten somewhere earlier, and things
are all screwed up? I'm going to assume that you meant ##.

! Illegal parameter number in definition of \MYLATEXline.
<to be read again> 
                   1
l.865   \def\FV@LabelEnd{#2}}
                             
You meant to type ## instead of #, right?
Or maybe a } was forgotten somewhere earlier, and things
are all screwed up? I'm going to assume that you meant ##.

! Illegal parameter number in definition of \MYLATEXline.
<to be read again> 
                   2
l.865   \def\FV@LabelEnd{#2}}
                             
You meant to type ## instead of #, right?
Or maybe a } was forgotten somewhere earlier, and things
are all screwed up? I'm going to assume that you meant ##.

! Illegal parameter number in definition of \MYLATEXline.
<to be read again> 
                   1
l.870     {\@nameuse{FV@LabelPosition@#1}}}
                                           
You meant to type ## instead of #, right?
Or maybe a } was forgotten somewhere earlier, and things
are all screwed up? I'm going to assume that you meant ##.

! Illegal parameter number in definition of \MYLATEXline.
<to be read again> 
                   1
l.870     {\@nameuse{FV@LabelPosition@#1}}}
                                           
You meant to type ## instead of #, right?
Or maybe a } was forgotten somewhere earlier, and things
are all screwed up? I'm going to assume that you meant ##.

! Illegal parameter number in definition of \MYLATEXline.
<to be read again> 
                   1
l.870     {\@nameuse{FV@LabelPosition@#1}}}
                                           
You meant to type ## instead of #, right?
Or maybe a } was forgotten somewhere earlier, and things
are all screwed up? I'm going to assume that you meant ##.

! Illegal parameter number in definition of \MYLATEXline.
<to be read again> 
                   1
l.927     \hss}}
                
You meant to type ## instead of #, right?
Or maybe a } was forgotten somewhere earlier, and things
are all screwed up? I'm going to assume that you meant ##.

! Illegal parameter number in definition of \MYLATEXline.
<to be read again> 
                   1
l.927     \hss}}
                
You meant to type ## instead of #, right?
Or maybe a } was forgotten somewhere earlier, and things
are all screwed up? I'm going to assume that you meant ##.

! Illegal parameter number in definition of \MYLATEXline.
<to be read again> 
                   1
l.927     \hss}}
                
You meant to type ## instead of #, right?
Or maybe a } was forgotten somewhere earlier, and things
are all screwed up? I'm going to assume that you meant ##.

! Illegal parameter number in definition of \MYLATEXline.
<to be read again> 
                   1
l.927     \hss}}
                
You meant to type ## instead of #, right?
Or maybe a } was forgotten somewhere earlier, and things
are all screwed up? I'm going to assume that you meant ##.

! Illegal parameter number in definition of \MYLATEXline.
<to be read again> 
                   1
l.1015 ...V@FrameRule{\number\@tempdima sp\relax}}
                                                  
You meant to type ## instead of #, right?
Or maybe a } was forgotten somewhere earlier, and things
are all screwed up? I'm going to assume that you meant ##.

! Illegal parameter number in definition of \MYLATEXline.
<to be read again> 
                   1
l.1019 ...FV@FrameSep{\number\@tempdima sp\relax}}
                                                  
You meant to type ## instead of #, right?
Or maybe a } was forgotten somewhere earlier, and things
are all screwed up? I'm going to assume that you meant ##.

! Illegal parameter number in definition of \MYLATEXline.
<to be read again> 
                   1
l.1028   \fi}
             
You meant to type ## instead of #, right?
Or maybe a } was forgotten somewhere earlier, and things
are all screwed up? I'm going to assume that you meant ##.

! Illegal parameter number in definition of \MYLATEXline.
<to be read again> 
                   1
l.1035   \fi}
             
You meant to type ## instead of #, right?
Or maybe a } was forgotten somewhere earlier, and things
are all screwed up? I'm going to assume that you meant ##.

! Illegal parameter number in definition of \MYLATEXline.
<to be read again> 
                   1
l.1044     {\@nameuse{FV@Frame@#1}}}
                                    
You meant to type ## instead of #, right?
Or maybe a } was forgotten somewhere earlier, and things
are all screwed up? I'm going to assume that you meant ##.

! Illegal parameter number in definition of \MYLATEXline.
<to be read again> 
                   1
l.1044     {\@nameuse{FV@Frame@#1}}}
                                    
You meant to type ## instead of #, right?
Or maybe a } was forgotten somewhere earlier, and things
are all screwed up? I'm going to assume that you meant ##.

! Illegal parameter number in definition of \MYLATEXline.
<to be read again> 
                   1
l.1044     {\@nameuse{FV@Frame@#1}}}
                                    
You meant to type ## instead of #, right?
Or maybe a } was forgotten somewhere earlier, and things
are all screwed up? I'm going to assume that you meant ##.

! Illegal parameter number in definition of \MYLATEXline.
<to be read again> 
                   1
l.1065   \fi}
             
You meant to type ## instead of #, right?
Or maybe a } was forgotten somewhere earlier, and things
are all screwed up? I'm going to assume that you meant ##.

! Illegal parameter number in definition of \MYLATEXline.
<to be read again> 
                   1
l.1065   \fi}
             
You meant to type ## instead of #, right?
Or maybe a } was forgotten somewhere earlier, and things
are all screwed up? I'm going to assume that you meant ##.

! Illegal parameter number in definition of \MYLATEXline.
<to be read again> 
                   1
l.1076 ...e p@#1\endcsname\arabic{FancyVerbLine}}}
                                                  
You meant to type ## instead of #, right?
Or maybe a } was forgotten somewhere earlier, and things
are all screwed up? I'm going to assume that you meant ##.

! Illegal parameter number in definition of \MYLATEXline.
<to be read again> 
                   1
l.1076 ...e p@#1\endcsname\arabic{FancyVerbLine}}}
                                                  
You meant to type ## instead of #, right?
Or maybe a } was forgotten somewhere earlier, and things
are all screwed up? I'm going to assume that you meant ##.

! Illegal parameter number in definition of \MYLATEXline.
<to be read again> 
                   1
l.1076 ...e p@#1\endcsname\arabic{FancyVerbLine}}}
                                                  
You meant to type ## instead of #, right?
Or maybe a } was forgotten somewhere earlier, and things
are all screwed up? I'm going to assume that you meant ##.

! Illegal parameter number in definition of \MYLATEXline.
<to be read again> 
                   1
l.1099     {\@nameuse{FV@Numbers@#1}}}
                                      
You meant to type ## instead of #, right?
Or maybe a } was forgotten somewhere earlier, and things
are all screwed up? I'm going to assume that you meant ##.

! Illegal parameter number in definition of \MYLATEXline.
<to be read again> 
                   1
l.1099     {\@nameuse{FV@Numbers@#1}}}
                                      
You meant to type ## instead of #, right?
Or maybe a } was forgotten somewhere earlier, and things
are all screwed up? I'm going to assume that you meant ##.

! Illegal parameter number in definition of \MYLATEXline.
<to be read again> 
                   1
l.1099     {\@nameuse{FV@Numbers@#1}}}
                                      
You meant to type ## instead of #, right?
Or maybe a } was forgotten somewhere earlier, and things
are all screwed up? I'm going to assume that you meant ##.

! Illegal parameter number in definition of \MYLATEXline.
<to be read again> 
                   1
l.1106 ...ne@key{FV}{stepnumber}{\FV@StepNumber#1}
                                                  
You meant to type ## instead of #, right?
Or maybe a } was forgotten somewhere earlier, and things
are all screwed up? I'm going to assume that you meant ##.

! Illegal parameter number in definition of \MYLATEXline.
<to be read again> 
                   1
l.1160 ...V@NumberSep{\number\@tempdima sp\relax}}
                                                  
You meant to type ## instead of #, right?
Or maybe a } was forgotten somewhere earlier, and things
are all screwed up? I'm going to assume that you meant ##.

! Illegal parameter number in definition of \MYLATEXline.
<to be read again> 
                   1
l.1182   \fi}
             
You meant to type ## instead of #, right?
Or maybe a } was forgotten somewhere earlier, and things
are all screwed up? I'm going to assume that you meant ##.

! Illegal parameter number in definition of \MYLATEXline.
<to be read again> 
                   1
l.1182   \fi}
             
(That makes 100 errors; please try again.) 
Here is how much of TeX's memory you used:
 3044 strings out of 93924
 42349 string characters out of 1161646
 94296 words of memory out of 1500000
 6328 multiletter control sequences out of 10000+50000
 5135 words of font info for 15 fonts, out of 1200000 for 2000
 759 hyphenation exceptions out of 8191
 36i,0n,23p,470b,80s stack positions out of 5000i,500n,6000p,200000b,5000s

No pages of output.
