This is e-TeX, Version 3.141592-2.2 (MiKTeX 2.4) (preloaded format=latex 2006.6.1)  12 JUN 2006 11:47
entering extended mode
**\nonstopmode\nofiles\PassOptionsToPackage{active,tightpage,auctex}{preview}\A
tBeginDocument{\ifx\ifPreview\undefined\RequirePackage[displaymath,floats,graph
ics,textmath,sections,footnotes]{preview}[2004/11/05]\fi}\input{termstrcusr2006
.tex}
(termstrcusr2006.tex (C:\texmf\tex\latex\beamer\beamer.cls
(C:\texmf\tex\latex\beamer\beamerbasercs.sty
Package: beamerbasercs 2004/10/07 (rcs-revision 1.3)
)
Document Class: beamer 2004/10/11 cvs version 3.01 A class for typesetting pres
entations (rcs-revision 1.55)
(C:\texmf\tex\latex\beamer\beamerbasemodes.sty
Package: beamerbasemodes 2004/10/07 (rcs-revision 1.20)
\beamer@tempbox=\box26
\beamer@tempcount=\count79
\c@beamerpauses=\count80

(C:\texmf\tex\latex\beamer\beamerbasedecode.sty
Package: beamerbasedecode 2004/10/07 (rcs-revision 1.16)
\beamer@slideinframe=\count81
\beamer@minimum=\count82
)
\beamer@commentbox=\box27
\beamer@modecount=\count83
)
\headheight=\dimen102
\headdp=\dimen103
\footheight=\dimen104
\sidebarheight=\dimen105
\beamer@tempdim=\dimen106
\beamer@finalheight=\dimen107
\beamer@animht=\dimen108
\beamer@animdp=\dimen109
\beamer@animwd=\dimen110
\beamer@leftmargin=\dimen111
\beamer@rightmargin=\dimen112
\beamer@leftsidebar=\dimen113
\beamer@rightsidebar=\dimen114
\beamer@boxsize=\dimen115
\beamer@vboxoffset=\dimen116
\beamer@descdefault=\dimen117
\beamer@descriptionwidth=\dimen118
\beamer@lastskip=\skip41
\beamer@areabox=\box28
\beamer@animcurrent=\box29
\beamer@animshowbox=\box30
\beamer@sectionbox=\box31
\beamer@logobox=\box32
\beamer@linebox=\box33
\beamer@sectioncount=\count84
\beamer@subsectionmax=\count85
\beamer@sectionmax=\count86
\beamer@totalheads=\count87
\beamer@headcounter=\count88
\beamer@partstartpage=\count89
\beamer@sectionstartpage=\count90
\beamer@subsectionstartpage=\count91
\beamer@animationtempa=\count92
\beamer@animationtempb=\count93
\beamer@xpos=\count94
\beamer@ypos=\count95
\beamer@showpartnumber=\count96
\beamer@currentsubsection=\count97
\beamer@coveringdepth=\count98
\beamer@sectionadjust=\count99
\beamer@tocsectionnumber=\count100

(C:\texmf\tex\latex\beamer\beamerbaseoptions.sty
Package: beamerbaseoptions 2004/10/07 (rcs-revision 1.6)

(C:\texmf\tex\latex\graphics\keyval.sty
Package: keyval 1999/03/16 v1.13 key=value parser (DPC)
\KV@toks@=\toks14
))

Class beamer Warning: ``mathserif'' is obsolete. Use font theme ``serif'' with 
option ``onlymath'' on input line 286.

(C:\texmf\tex\latex\pgf\pgf.sty
Package: pgf 2004/10/08 ver 0.65
\pgf@objectcount=\count101
 (C:\texmf\tex\latex\graphics\graphicx.sty
Package: graphicx 1999/02/16 v1.0f Enhanced LaTeX Graphics (DPC,SPQR)

(C:\texmf\tex\latex\graphics\graphics.sty
Package: graphics 2001/07/07 v1.0n Standard LaTeX Graphics (DPC,SPQR)
 (C:\texmf\tex\latex\graphics\trig.sty
Package: trig 1999/03/16 v1.09 sin cos tan (DPC)
) (C:\texmf\tex\latex\00miktex\graphics.cfg
File: graphics.cfg 2003/03/12 v1.1 MiKTeX 'graphics' configuration
)
Package graphics Info: Driver file: dvips.def on input line 80.

(C:\texmf\tex\latex\graphics\dvips.def
File: dvips.def 1999/02/16 v3.0i Driver-dependant file (DPC,SPQR)
))
\Gin@req@height=\dimen119
\Gin@req@width=\dimen120
) (C:\texmf\tex\latex\xcolor\xcolor.sty
Package: xcolor 2005/06/06 v2.03 LaTeX color extensions (UK)
(C:\texmf\tex\latex\00miktex\color.cfg
File: color.cfg 2003/03/08 v1.0 MiKTeX 'color' configuration
)
Package xcolor Info: Driver file: dvips.def on input line 166.
Package xcolor Info: Color model `cmy' added on input line 1117.
Package xcolor Info: Color model `RGB' extended on input line 1140.
Package xcolor Info: Color model `HTML' added on input line 1151.
Package xcolor Info: Color model `HSB' added on input line 1157.
Package xcolor Info: Color model `Gray' added on input line 1163.
)
\pdfoutput=\count102
\pgfex=\dimen121
\pgfem=\dimen122
\pgf@linewidth=\dimen123
\pgfpic=\box34
\pgf@hbox=\box35
\pgf@tempbox=\box36
\pgf@aax=\dimen124
\pgf@aay=\dimen125
\pgf@abx=\dimen126
\pgf@aby=\dimen127
\pgf@bax=\dimen128
\pgf@bay=\dimen129
\pgf@bbx=\dimen130
\pgf@bby=\dimen131
\pgf@tempdim=\dimen132
\pgf@x=\dimen133
\pgf@y=\dimen134
\pgf@xa=\dimen135
\pgf@ya=\dimen136
\pgf@xb=\dimen137
\pgf@yb=\dimen138
\pgf@xc=\dimen139
\pgf@yc=\dimen140
\pgfobjectbox=\box37
\pgf@xx=\dimen141
\pgf@xy=\dimen142
\pgf@yx=\dimen143
\pgf@yy=\dimen144
\pgf@zx=\dimen145
\pgf@zy=\dimen146
\pgf@counta=\count103
\pgf@countb=\count104
) (C:\texmf\tex\latex\pgf\xxcolor.sty
Package: xxcolor 2003/10/24 ver 0.1
\XC@nummixins=\count105
\XC@countmixins=\count106
)
(C:\texmf\tex\latex\amsfonts\amssymb.sty
Package: amssymb 2002/01/22 v2.2d

(C:\texmf\tex\latex\amsfonts\amsfonts.sty
Package: amsfonts 2001/10/25 v2.2f
\@emptytoks=\toks15
\symAMSa=\mathgroup4
\symAMSb=\mathgroup5
LaTeX Font Info:    Overwriting math alphabet `\mathfrak' in version `bold'
(Font)                  U/euf/m/n --> U/euf/b/n on input line 132.
))
(C:\texmf\tex\latex\geometry\geometry.sty
Package: geometry 2002/07/08 v3.2 Page Geometry
\Gm@cnth=\count107
\Gm@cntv=\count108
\c@Gm@tempcnt=\count109
\Gm@bindingoffset=\dimen147
\Gm@wd@mp=\dimen148
\Gm@odd@mp=\dimen149
\Gm@even@mp=\dimen150
\Gm@dimlist=\toks16

(C:\texmf\tex\latex\geometry\geometry.cfg))
(C:\texmf\tex\latex\hyperref\hyperref.sty
Package: hyperref 2003/11/30 v6.74m Hypertext links for LaTeX
\@linkdim=\dimen151
\Hy@linkcounter=\count110
\Hy@pagecounter=\count111

(C:\texmf\tex\latex\hyperref\pd1enc.def
File: pd1enc.def 2003/11/30 v6.74m Hyperref: PDFDocEncoding definition (HO)
)
(C:\texmf\tex\latex\00miktex\hyperref.cfg
File: hyperref.cfg 2003/03/08 v1.0 MiKTeX 'hyperref' configuration
)
Package hyperref Info: Option `bookmarks' set `true' on input line 1830.
Package hyperref Info: Option `bookmarksopen' set `true' on input line 1830.
Package hyperref Info: Option `implicit' set `false' on input line 1830.
Package hyperref Info: Hyper figures OFF on input line 1880.
Package hyperref Info: Link nesting OFF on input line 1885.
Package hyperref Info: Hyper index ON on input line 1888.
Package hyperref Info: Plain pages ON on input line 1893.
Package hyperref Info: Backreferencing OFF on input line 1900.

Implicit mode OFF; no redefinition of LaTeX internals
Package hyperref Info: Bookmarks ON on input line 2004.
(C:\texmf\tex\latex\ltxmisc\url.sty
\Urlmuskip=\muskip10
Package: url 2005/06/27  ver 3.2  Verb mode for urls, etc.
)
LaTeX Info: Redefining \url on input line 2143.
\Fld@menulength=\count112
\Field@Width=\dimen152
\Fld@charsize=\dimen153
\Choice@toks=\toks17
\Field@toks=\toks18
Package hyperref Info: Hyper figures OFF on input line 2618.
Package hyperref Info: Link nesting OFF on input line 2623.
Package hyperref Info: Hyper index ON on input line 2626.
Package hyperref Info: backreferencing OFF on input line 2633.
Package hyperref Info: Link coloring OFF on input line 2638.

Hyperref stopped early
)
*hyperref using default driver hypertex*
(C:\texmf\tex\latex\hyperref\hypertex.def
File: hypertex.def 2003/11/30 v6.74m Hyperref driver for HyperTeX specials
) (C:\texmf\tex\latex\base\size10.clo
File: size10.clo 2004/02/16 v1.4f Standard LaTeX file (size option)
) (C:\texmf\tex\latex\beamer\beamerbasecompatibility.sty
Package: beamerbasecompatibility 2004/11/01 (rcs-revision 1.56)
)
(C:\texmf\tex\latex\beamer\beamerbasefont.sty
Package: beamerbasefont 2004/10/07 (rcs-revision 1.11)
)
(C:\texmf\tex\latex\beamer\beamerbasemisc.sty
Package: beamerbasemisc 2004/10/07 (rcs-revision 1.19)
)
(C:\texmf\tex\latex\beamer\beamerbaseoverlay.sty
Package: beamerbaseoverlay 2004/10/26 (rcs-revision 1.47)
\beamer@argscount=\count113
\beamer@lastskipcover=\skip42
\beamer@trivlistdepth=\count114
)
(C:\texmf\tex\latex\beamer\beamerbasetitle.sty
Package: beamerbasetitle 2004/11/01 (rcs-revision 1.22)
)
(C:\texmf\tex\latex\beamer\beamerbasesection.sty
Package: beamerbasesection 2004/10/14 (rcs-revision 1.15)
\c@lecture=\count115
\c@part=\count116
\c@section=\count117
\c@subsection=\count118
)
(C:\texmf\tex\latex\beamer\beamerbaseframe.sty
Package: beamerbaseframe 2004/11/01 (rcs-revision 1.47)
\beamer@framebox=\box38
\beamer@frametitlebox=\box39
\beamer@zoombox=\box40
\beamer@zoomcount=\count119
\beamer@zoomframecount=\count120
\beamer@frametextheight=\dimen154
\c@subsectionslide=\count121
\beamer@frametopskip=\skip43
\beamer@framebottomskip=\skip44
\beamer@frametopskipautobreak=\skip45
\beamer@framebottomskipautobreak=\skip46
\beamer@envbody=\toks19
\c@framenumber=\count122
)
(C:\texmf\tex\latex\beamer\beamerbaseverbatim.sty
Package: beamerbaseverbatim 2004/10/13 (rcs-revision 1.2)
\beamer@verbatimfileout=\write3
)
(C:\texmf\tex\latex\beamer\beamerbaseframesize.sty
Package: beamerbaseframesize 2004/10/20 (rcs-revision 1.9)
\beamer@splitbox=\box41
\beamer@autobreakcount=\count123
\beamer@frametitletoks=\toks20
\beamer@framesubtitletoks=\toks21
)
(C:\texmf\tex\latex\beamer\beamerbaseframecomponents.sty
Package: beamerbaseframecomponents 2004/11/01 (rcs-revision 1.39)
\beamer@footins=\box42
)
(C:\texmf\tex\latex\beamer\beamerbasecolor.sty
Package: beamerbasecolor 2004/10/28 (rcs-revision 1.38)
)
(C:\texmf\tex\latex\beamer\beamerbasenotes.sty
Package: beamerbasenotes 2004/10/08 (rcs-revision 1.14)
\beamer@frameboxcopy=\box43
)
(C:\texmf\tex\latex\beamer\beamerbasetoc.sty
Package: beamerbasetoc 2004/10/07 (rcs-revision 1.19)
)
(C:\texmf\tex\latex\beamer\beamerbasetemplates.sty
Package: beamerbasetemplates 2004/10/07 (rcs-revision 1.50)
\beamer@sbttoks=\toks22

(C:\texmf\tex\latex\beamer\beamerbaseauxtemplates.sty
Package: beamerbaseauxtemplates 2004/10/28 (rcs-revision 1.21)

(C:\texmf\tex\latex\pgf\pgfshade.sty
Package: pgfshade 2004/10/08 ver 0.64
\pgf@max=\dimen155
)
(C:\texmf\tex\latex\beamer\beamerbaseboxes.sty
Package: beamerbaseboxes 2004/10/28 (rcs-revision 1.22)
\bmb@box=\box44
\bmb@colorbox=\box45
\bmb@boxshadow=\box46
\bmb@boxshadowball=\box47
\bmb@boxshadowballlarge=\box48
\bmb@temp=\dimen156
\bmb@dima=\dimen157
\bmb@dimb=\dimen158
\bmb@prevheight=\dimen159
)
\beamer@blockheadheight=\dimen160
))
(C:\texmf\tex\latex\beamer\beamerbaselocalstructure.sty
Package: beamerbaselocalstructure 2004/11/01 (rcs-revision 1.50)

(C:\texmf\tex\latex\tools\enumerate.sty
Package: enumerate 1999/03/05 v3.00 enumerate extensions (DPC)
\@enLab=\toks23
)
\c@figure=\count124
\c@table=\count125
\abovecaptionskip=\skip47
\belowcaptionskip=\skip48
)
(C:\texmf\tex\latex\beamer\beamerbasenavigation.sty
Package: beamerbasenavigation 2004/11/01 (rcs-revision 1.30)
)
(C:\texmf\tex\latex\beamer\beamerbasetheorems.sty
Package: beamerbasetheorems 2004/10/07 (rcs-revision 1.6)

(C:\texmf\tex\latex\amsmath\amsmath.sty
Package: amsmath 2000/07/18 v2.13 AMS math features
\@mathmargin=\skip49

For additional information on amsmath, use the `?' option.
(C:\texmf\tex\latex\amsmath\amstext.sty
Package: amstext 2000/06/29 v2.01
 (C:\texmf\tex\latex\amsmath\amsgen.sty
File: amsgen.sty 1999/11/30 v2.0
\@emptytoks=\toks24
\ex@=\dimen161
)) (C:\texmf\tex\latex\amsmath\amsbsy.sty
Package: amsbsy 1999/11/29 v1.2d
\pmbraise@=\dimen162
)
(C:\texmf\tex\latex\amsmath\amsopn.sty
Package: amsopn 1999/12/14 v2.01 operator names
)
\inf@bad=\count126
LaTeX Info: Redefining \frac on input line 211.
\uproot@=\count127
\leftroot@=\count128
LaTeX Info: Redefining \overline on input line 307.
\classnum@=\count129
\DOTSCASE@=\count130
LaTeX Info: Redefining \ldots on input line 379.
LaTeX Info: Redefining \dots on input line 382.
LaTeX Info: Redefining \cdots on input line 467.
\Mathstrutbox@=\box49
\strutbox@=\box50
\big@size=\dimen163
LaTeX Font Info:    Redeclaring font encoding OML on input line 567.
LaTeX Font Info:    Redeclaring font encoding OMS on input line 568.
\macc@depth=\count131
\c@MaxMatrixCols=\count132
\dotsspace@=\muskip11
\c@parentequation=\count133
\dspbrk@lvl=\count134
\tag@help=\toks25
\row@=\count135
\column@=\count136
\maxfields@=\count137
\andhelp@=\toks26
\eqnshift@=\dimen164
\alignsep@=\dimen165
\tagshift@=\dimen166
\tagwidth@=\dimen167
\totwidth@=\dimen168
\lineht@=\dimen169
\@envbody=\toks27
\multlinegap=\skip50
\multlinetaggap=\skip51
\mathdisplay@stack=\toks28
LaTeX Info: Redefining \[ on input line 2666.
LaTeX Info: Redefining \] on input line 2667.
) (C:\texmf\tex\latex\amscls\amsthm.sty
Package: amsthm 2004/08/06 v2.20
\thm@style=\toks29
\thm@bodyfont=\toks30
\thm@headfont=\toks31
\thm@notefont=\toks32
\thm@headpunct=\toks33
\thm@preskip=\skip52
\thm@postskip=\skip53
\thm@headsep=\skip54
\dth@everypar=\toks34
)
\c@theorem=\count138
) (C:\texmf\tex\latex\beamer\beamerbasethemes.sty
Package: beamerbasethemes 2004/10/07 (rcs-revision 1.9)
)
(C:\texmf\tex\latex\beamer\themes\theme\beamerthemedefault.sty
Package: beamerthemedefault 2004/10/07 (rcs-revision 1.6)

(C:\texmf\tex\latex\beamer\themes\font\beamerfontthemedefault.sty
Package: beamerfontthemedefault 2004/10/07 (rcs-revision 1.10)
)
(C:\texmf\tex\latex\beamer\themes\color\beamercolorthemedefault.sty
Package: beamercolorthemedefault 2004/10/07 (rcs-revision 1.25)
)
(C:\texmf\tex\latex\beamer\themes\inner\beamerinnerthemedefault.sty
Package: beamerinnerthemedefault 2004/10/28 (rcs-revision 1.16)
\beamer@dima=\dimen170
\beamer@dimb=\dimen171
)
(C:\texmf\tex\latex\beamer\themes\outer\beamerouterthemedefault.sty
Package: beamerouterthemedefault 2004/10/07 (rcs-revision 1.6)
)))
(C:\texmf\tex\latex\beamer\themes\theme\compatibility\beamerthemeshadow.sty
Package: beamerthemeshadow 2004/10/07 (rcs-revision 1.9)

(C:\texmf\tex\latex\beamer\themes\inner\beamerinnerthemerounded.sty
Package: beamerinnerthemerounded 2004/10/07 (rcs-revision 1.4)
)
(C:\texmf\tex\latex\beamer\themes\color\beamercolorthemeorchid.sty
Package: beamercolorthemeorchid 2004/10/07 (rcs-revision 1.2)
)
(C:\texmf\tex\latex\beamer\themes\color\beamercolorthemewhale.sty
Package: beamercolorthemewhale 2004/10/07 (rcs-revision 1.3)
)
(C:\texmf\tex\latex\beamer\themes\outer\beamerouterthemeshadow.sty
Package: beamerouterthemeshadow 2004/10/07 (rcs-revision 1.3)

(C:\texmf\tex\latex\beamer\themes\outer\beamerouterthemesplit.sty
Package: beamerouterthemesplit 2004/10/07 (rcs-revision 1.4)
))
(C:\texmf\tex\latex\beamer\themes\font\beamerfontthemestructurebold.sty
Package: beamerfontthemestructurebold 2004/10/07 (rcs-revision 1.2)
))
(C:\texmf\tex\latex\beamer\themes\color\beamercolorthemecrane.sty
Package: beamercolorthemecrane 2004/10/28 (rcs-revision 1.8)
)
(beamerouterthemeinfolines.sty
Package: beamerouterthemeinfolines 2004/10/14 (rcs-revision 1.8)
) (C:\texmf\tex\latex\psnfss\times.sty
Package: times 2005/04/12 PSNFSS-v9.2a (SPQR) 
)
(C:\texmf\tex\latex\base\fontenc.sty
Package: fontenc 2004/02/22 v1.99f Standard LaTeX package
 (C:\texmf\tex\latex\base\t1enc.def
File: t1enc.def 2004/02/22 v1.99f Standard LaTeX file
LaTeX Font Info:    Redeclaring font encoding T1 on input line 43.
))
(C:\texmf\tex\latex\tools\bm.sty
Package: bm 2004/02/26 v1.1c Bold Symbol Support (DPC/FMi)
\symboldoperators=\mathgroup6
\symboldletters=\mathgroup7
\symboldsymbols=\mathgroup8
LaTeX Font Info:    Redeclaring math alphabet \mathbf on input line 137.
LaTeX Info: Redefining \bm on input line 203.
)

Package pgf Warning: File "useR" not found when defining image "wu-logo".
(pgf)                Tried all extensions in "epsi:eps:ps" on input line 33.


Package pgf Warning: Missing width for image "wu-logo" in draft mode.
(pgf)                Using 1cm instead on input line 33.

(termstrcusr2006.aux)
LaTeX Font Info:    Checking defaults for OML/cmm/m/it on input line 36.
LaTeX Font Info:    ... okay on input line 36.
LaTeX Font Info:    Checking defaults for T1/cmr/m/n on input line 36.
LaTeX Font Info:    ... okay on input line 36.
LaTeX Font Info:    Checking defaults for OT1/cmr/m/n on input line 36.
LaTeX Font Info:    ... okay on input line 36.
LaTeX Font Info:    Checking defaults for OMS/cmsy/m/n on input line 36.
LaTeX Font Info:    ... okay on input line 36.
LaTeX Font Info:    Checking defaults for OMX/cmex/m/n on input line 36.
LaTeX Font Info:    ... okay on input line 36.
LaTeX Font Info:    Checking defaults for U/cmr/m/n on input line 36.
LaTeX Font Info:    ... okay on input line 36.
LaTeX Font Info:    Checking defaults for PD1/pdf/m/n on input line 36.
LaTeX Font Info:    ... okay on input line 36.
LaTeX Font Info:    Try loading font information for T1+phv on input line 36.
 (C:\texmf\tex\latex\psnfss\t1phv.fd
File: t1phv.fd 2001/06/04 scalable font definitions for T1/phv.
)
(C:\texmf\tex\latex\preview\preview.sty
Package: preview 2005/09/25 11.82 (AUCTeX/preview-latex)

(C:\texmf\tex\latex\preview\prtightpage.def
\PreviewBorder=\dimen172
)
(C:\texmf\tex\latex\preview\prauctex.def
No auxiliary output files.


\hbadness=\count139
\hfuzz=\dimen173
(C:\texmf\tex\latex\preview\prauctex.cfg))
(C:\texmf\tex\latex\preview\prfootnotes.def)
\pr@snippet=\count140
\pr@box=\box51

Preview: Fontsize 10pt
)
-------------------- Geometry parameters
paper: user defined
landscape: --
twocolumn: --
twoside: --
asymmetric: --
h-parts: 25.00003pt, 314.1953pt, 25.00003pt
v-parts: 0.0pt, 273.14662pt, 0.0pt
hmarginratio: --
vmarginratio: --
lines: --
heightrounded: --
bindingoffset: 0.0pt
truedimen: --
includehead: true
includefoot: true
includemp: --
driver: 
-------------------- Page layout dimensions and switches
\paperwidth  364.19536pt
\paperheight 273.14662pt
\textwidth  314.1953pt
\textheight 244.6939pt
\oddsidemargin  -47.26996pt
\evensidemargin -47.26996pt
\topmargin  -72.26999pt
\headheight 14.22636pt
\headsep    0.0pt
\footskip   14.22636pt
\marginparwidth 3.0pt
\marginparsep   11.0pt
\columnsep  10.0pt
\skip\footins  9.0pt plus 4.0pt minus 2.0pt
\hoffset 0.0pt
\voffset 0.0pt
\mag 1000

(1in=72.27pt, 1cm=28.45pt)
-----------------------
Package hyperref Info: Link coloring OFF on input line 36.
 (C:\texmf\tex\latex\hyperref\nameref.sty
Package: nameref 2003/12/03 v2.21 Cross-referencing by name of section
\c@section@level=\count141
)
LaTeX Info: Redefining \ref on input line 36.
LaTeX Info: Redefining \pageref on input line 36.
\symnumbers=\mathgroup9
\sympureletters=\mathgroup10
LaTeX Font Info:    Overwriting math alphabet `\mathrm' in version `normal'
(Font)                  OT1/cmr/m/n --> T1/ptm/m/n on input line 36.
LaTeX Font Info:    Redeclaring math alphabet \mathbf on input line 36.
LaTeX Font Info:    Redeclaring math alphabet \mathsf on input line 36.
LaTeX Font Info:    Overwriting math alphabet `\mathsf' in version `normal'
(Font)                  OT1/cmss/m/n --> T1/phv/m/n on input line 36.
LaTeX Font Info:    Overwriting math alphabet `\mathsf' in version `bold'
(Font)                  OT1/cmss/bx/n --> T1/phv/m/n on input line 36.
LaTeX Font Info:    Redeclaring math alphabet \mathit on input line 36.
LaTeX Font Info:    Overwriting math alphabet `\mathit' in version `normal'
(Font)                  OT1/cmr/m/it --> T1/ptm/m/it on input line 36.
LaTeX Font Info:    Overwriting math alphabet `\mathit' in version `bold'
(Font)                  OT1/cmr/bx/it --> T1/ptm/m/it on input line 36.
LaTeX Font Info:    Redeclaring math alphabet \mathtt on input line 36.
LaTeX Font Info:    Overwriting math alphabet `\mathtt' in version `normal'
(Font)                  OT1/cmtt/m/n --> T1/pcr/m/n on input line 36.
LaTeX Font Info:    Overwriting math alphabet `\mathtt' in version `bold'
(Font)                  OT1/cmtt/m/n --> T1/pcr/m/n on input line 36.
LaTeX Font Info:    Overwriting symbol font `numbers' in version `bold'
(Font)                  T1/ptm/m/n --> T1/ptm/bx/n on input line 36.
LaTeX Font Info:    Overwriting symbol font `pureletters' in version `bold'
(Font)                  T1/ptm/m/it --> T1/ptm/bx/it on input line 36.
LaTeX Font Info:    Overwriting math alphabet `\mathrm' in version `bold'
(Font)                  OT1/cmr/bx/n --> T1/ptm/bx/n on input line 36.
LaTeX Font Info:    Overwriting math alphabet `\mathbf' in version `bold'
(Font)                  T1/ptm/bx/n --> T1/ptm/bx/n on input line 36.
LaTeX Font Info:    Overwriting math alphabet `\mathsf' in version `bold'
(Font)                  T1/phv/m/n --> T1/phv/bx/n on input line 36.
LaTeX Font Info:    Overwriting math alphabet `\mathit' in version `bold'
(Font)                  T1/ptm/m/it --> T1/ptm/bx/it on input line 36.
LaTeX Font Info:    Overwriting math alphabet `\mathtt' in version `bold'
(Font)                  T1/pcr/m/n --> T1/pcr/bx/n on input line 36.
 (termstrcusr2006.nav)
LaTeX Font Info:    Font shape `T1/phv/bx/n' in size <5> not available
(Font)              Font shape `T1/phv/b/n' tried instead on input line 36.

! Preview: Snippet 1 started.
<-><->
      
l.40 \end{frame}
                
Not a real error.


! LaTeX Error: File `wu-logo.bb' not found.

See the LaTeX manual or LaTeX Companion for explanation.
Type  H <return>  for immediate help.
 ...                                              
                                                  
l.40 \end{frame}
                
Try typing  <return>  to proceed.
If that doesn't work, type  X <return>  to quit.


! LaTeX Error: Cannot determine size of graphic in wu-logo.bb (no BoundingBox).


See the LaTeX manual or LaTeX Companion for explanation.
Type  H <return>  for immediate help.
 ...                                              
                                                  
l.40 \end{frame}
                
Try typing  <return>  to proceed.
If that doesn't work, type  X <return>  to quit.

File: wu-logo.jpg Graphic file (type eps)
<wu-logo.jpg>
Preview: Tightpage -32891 -32891 32891 32891
! Preview: Snippet 1 ended.(4118160+0x4118157).
<-><->
      
l.40 \end{frame}
                
Not a real error.

[1]
! Preview: Snippet 2 started.
<-><->
      
l.60 \end{frame}
                
Not a real error.

LaTeX Font Info:    Try loading font information for U+msa on input line 60.
(C:\texmf\tex\latex\amsfonts\umsa.fd
File: umsa.fd 2002/01/19 v2.2g AMS font definitions
)
LaTeX Font Info:    Try loading font information for U+msb on input line 60.
 (C:\texmf\tex\latex\amsfonts\umsb.fd
File: umsb.fd 2002/01/19 v2.2g AMS font definitions
)
LaTeX Font Info:    Try loading font information for T1+ptm on input line 60.

(C:\texmf\tex\latex\psnfss\t1ptm.fd
File: t1ptm.fd 2001/06/04 font definitions for T1/ptm.
)
! Preview: Snippet 2 ended.(285075+7860x327680).
<-><->
      
l.60 \end{frame}
                
Not a real error.

[2]
! Preview: Snippet 3 started.
<-><->
      
l.60 \end{frame}
                
Not a real error.

! Preview: Snippet 3 ended.(444328+127431x2876425).
<-><->
      
l.60 \end{frame}
                
Not a real error.

[3]
! Preview: Snippet 4 started.
<-><->
      
l.60 \end{frame}
                
Not a real error.

! Preview: Snippet 4 ended.(444328+7860x451536).
<-><->
      
l.60 \end{frame}
                
Not a real error.

[4]
! Preview: Snippet 5 started.
<-><->
      
l.60 \end{frame}
                
Not a real error.

! Preview: Snippet 5 ended.(422048+0x400424).
<-><->
      
l.60 \end{frame}
                
Not a real error.

[5]
! Preview: Snippet 6 started.
<-><->
      
l.60 \end{frame}
                
Not a real error.

! Preview: Snippet 6 ended.(349956+7860x1395460).
<-><->
      
l.60 \end{frame}
                
Not a real error.

[6]
LaTeX Font Info:    Font shape `T1/phv/bx/n' in size <10> not available
(Font)              Font shape `T1/phv/b/n' tried instead on input line 60.

! Preview: Snippet 7 started.
<-><->
      
l.60 \end{frame}
                
Not a real error.

! Preview: Snippet 7 ended.(285075+134020x564131).
<-><->
      
l.60 \end{frame}
                
Not a real error.

[7]
! Preview: Snippet 8 started.
<-><->
      
l.60 \end{frame}
                
Not a real error.

! Preview: Snippet 8 ended.(1512865+0x17075272).
<-><->
      
l.60 \end{frame}
                
Not a real error.

[8


]
! Preview: Snippet 9 started.
<-><->
      
l.60 \end{frame}
                
Not a real error.

! Preview: Snippet 9 ended.(285075+134020x602205).
<-><->
      
l.60 \end{frame}
                
Not a real error.

[9]
! Preview: Snippet 10 started.
<-><->
      
l.60 \end{frame}
                
Not a real error.

! Preview: Snippet 10 ended.(1936036+0x14551350).
<-><->
      
l.60 \end{frame}
                
Not a real error.

[10


]
! Preview: Snippet 11 started.
<-><->
      
l.88 \end{frame}
                
Not a real error.

! Preview: Snippet 11 ended.(1936036+0x14416349).
<-><->
      
l.88 \end{frame}
                
Not a real error.

[11


]
! Preview: Snippet 12 started.
<-><->
      
l.88 \end{frame}
                
Not a real error.

! Preview: Snippet 12 ended.(521815+163840x5185582).
<-><->
      
l.88 \end{frame}
                
Not a real error.

[12]
! Preview: Snippet 13 started.
<-><->
      
l.88 \end{frame}
                
Not a real error.

! Preview: Snippet 13 ended.(491520+163840x1007845).
<-><->
      
l.88 \end{frame}
                
Not a real error.

[13]
! Preview: Snippet 14 started.
<-><->
      
l.88 \end{frame}
                
Not a real error.

! Preview: Snippet 14 ended.(1936036+0x14498059).
<-><->
      
l.88 \end{frame}
                
Not a real error.

[14


]
! Preview: Snippet 15 started.
<-><->
      
l.88 \end{frame}
                
Not a real error.

! Preview: Snippet 15 ended.(422048+134020x182183).
<-><->
      
l.88 \end{frame}
                
Not a real error.

[15]
! Preview: Snippet 16 started.
<-><->
      
l.88 \end{frame}
                
Not a real error.

! Preview: Snippet 16 ended.(1453316+0x12130081).
<-><->
      
l.88 \end{frame}
                
Not a real error.

[16


]
! Preview: Snippet 17 started.
<-><->
      
l.88 \end{frame}
                
Not a real error.

! Preview: Snippet 17 ended.(1998634+0x15934581).
<-><->
      
l.88 \end{frame}
                
Not a real error.

[17


]
! Preview: Snippet 18 started.
<-><->
      
l.104 \end{frame}
                 
Not a real error.

! Preview: Snippet 18 ended.(683637+0x13045427).
<-><->
      
l.104 \end{frame}
                 
Not a real error.

[18


]
! Preview: Snippet 19 started.
<-><->
      
l.104 \end{frame}
                 
Not a real error.


! LaTeX Error: File `curves' not found.

See the LaTeX manual or LaTeX Companion for explanation.
Type  H <return>  for immediate help.
 ...                                              
                                                  
l.104 \end{frame}
                 
I could not locate the file with any of these extensions:
.eps,.ps,.eps.gz,.ps.gz,.eps.Z
Try typing  <return>  to proceed.
If that doesn't work, type  X <return>  to quit.

! Preview: Snippet 19 ended.(0+0x0).
<-><->
      
l.104 \end{frame}
                 
Not a real error.

[19]
! Preview: Snippet 20 started.
<-><->
      
l.117 \end{frame}
                 
Not a real error.

LaTeX Font Info:    Font shape `T1/ptm/bx/n' in size <10> not available
(Font)              Font shape `T1/ptm/b/n' tried instead on input line 117.
LaTeX Font Info:    Font shape `T1/ptm/bx/n' in size <7> not available
(Font)              Font shape `T1/ptm/b/n' tried instead on input line 117.
LaTeX Font Info:    Font shape `T1/ptm/bx/n' in size <5> not available
(Font)              Font shape `T1/ptm/b/n' tried instead on input line 117.
LaTeX Font Info:    Font shape `T1/ptm/bx/it' in size <10> not available
(Font)              Font shape `T1/ptm/b/it' tried instead on input line 117.
LaTeX Font Info:    Font shape `T1/ptm/bx/it' in size <7> not available
(Font)              Font shape `T1/ptm/b/it' tried instead on input line 117.
LaTeX Font Info:    Font shape `T1/ptm/bx/it' in size <5> not available
(Font)              Font shape `T1/ptm/b/it' tried instead on input line 117.
! Preview: Snippet 20 ended.(1276279+0x16546618).
<-><->
      
l.117 \end{frame}
                 
Not a real error.

[20]
! Preview: Snippet 21 started.
<-><->
      
l.117 \end{frame}
                 
Not a real error.


! LaTeX Error: File `fignelson' not found.

See the LaTeX manual or LaTeX Companion for explanation.
Type  H <return>  for immediate help.
 ...                                              
                                                  
l.117 \end{frame}
                 
I could not locate the file with any of these extensions:
.eps,.ps,.eps.gz,.ps.gz,.eps.Z
Try typing  <return>  to proceed.
If that doesn't work, type  X <return>  to quit.

! Preview: Snippet 21 ended.(0+0x0).
<-><->
      
l.117 \end{frame}
                 
Not a real error.

[21]
! Preview: Snippet 22 started.
<-><->
      
l.135 \end{frame}
                 
Not a real error.

! Preview: Snippet 22 ended.(1966099+0x19553459).
<-><->
      
l.135 \end{frame}
                 
Not a real error.

[22


]
! Preview: Snippet 23 started.
<-><->
      
l.135 \end{frame}
                 
Not a real error.

! Preview: Snippet 23 ended.(1936036+0x17804526).
<-><->
      
l.135 \end{frame}
                 
Not a real error.

[23]
! Preview: Snippet 24 started.
<-><->
      
l.135 \end{frame}
                 
Not a real error.

! Preview: Snippet 24 ended.(1936036+0x15870383).
<-><->
      
l.135 \end{frame}
                 
Not a real error.

[24]
! Preview: Snippet 25 started.
<-><->
      
l.154 \end{frame}
                 
Not a real error.

! Preview: Snippet 25 ended.(1276279+0x19002046).
<-><->
      
l.154 \end{frame}
                 
Not a real error.

[25]
! Preview: Snippet 26 started.
<-><->
      
l.195 \end{frame}
                 
Not a real error.

File: beamericonarticle.eps Graphic file (type eps)
<beamericonarticle.eps>
! Preview: Snippet 26 ended.(917528+0x720893).
<-><->
      
l.195 \end{frame}
                 
Not a real error.

[26]
! Preview: Snippet 27 started.
<-><->
      
l.195 \end{frame}
                 
Not a real error.

File: beamericonarticle.eps Graphic file (type eps)
<beamericonarticle.eps>
! Preview: Snippet 27 ended.(917528+0x720893).
<-><->
      
l.195 \end{frame}
                 
Not a real error.

[27]
LaTeX Font Info:    Font shape `T1/phv/m/it' in size <10> not available
(Font)              Font shape `T1/phv/m/sl' tried instead on input line 195.

! Preview: Snippet 28 started.
<-><->
      
l.195 \end{frame}
                 
Not a real error.

File: beamericonarticle.eps Graphic file (type eps)
<beamericonarticle.eps>
! Preview: Snippet 28 ended.(917528+0x720893).
<-><->
      
l.195 \end{frame}
                 
Not a real error.

[28]
! Preview: Snippet 29 started.
<-><->
      
l.195 \end{frame}
                 
Not a real error.

File: beamericonarticle.eps Graphic file (type eps)
<beamericonarticle.eps>
! Preview: Snippet 29 ended.(917528+0x720893).
<-><->
      
l.195 \end{frame}
                 
Not a real error.

[29]
! Preview: Snippet 30 started.
<-><->
      
l.195 \end{frame}
                 
Not a real error.

File: beamericonarticle.eps Graphic file (type eps)
<beamericonarticle.eps>
! Preview: Snippet 30 ended.(917528+0x720893).
<-><->
      
l.195 \end{frame}
                 
Not a real error.

[30]
! Preview: Snippet 31 started.
<-><->
      
l.195 \end{frame}
                 
Not a real error.

File: beamericonarticle.eps Graphic file (type eps)
<beamericonarticle.eps>
! Preview: Snippet 31 ended.(917528+0x720893).
<-><->
      
l.195 \end{frame}
                 
Not a real error.

[31]
! Preview: Snippet 32 started.
<-><->
      
l.195 \end{frame}
                 
Not a real error.

File: beamericonarticle.eps Graphic file (type eps)
<beamericonarticle.eps>
! Preview: Snippet 32 ended.(917528+0x720893).
<-><->
      
l.195 \end{frame}
                 
Not a real error.

[32] ) 
Here is how much of TeX's memory you used:
 7857 strings out of 95890
 127743 string characters out of 1195175
 200816 words of memory out of 1198456
 10399 multiletter control sequences out of 60000
 41343 words of font info for 52 fonts, out of 1000000 for 2000
 14 hyphenation exceptions out of 4999
 43i,12n,56p,469b,558s stack positions out of 100000i,500n,20000p,200000b,32768s

Output written on termstrcusr2006.dvi (32 pages, 9264 bytes).
